TN:
SF:index.js
FN:4,(anonymous_0)
FN:15,(anonymous_1)
FN:19,(anonymous_2)
FN:24,(anonymous_3)
FN:27,(anonymous_4)
FN:35,(anonymous_5)
FN:39,(anonymous_6)
FN:48,(anonymous_7)
FN:50,(anonymous_8)
FN:53,(anonymous_9)
FNF:10
FNH:7
FNDA:2,(anonymous_0)
FNDA:1,(anonymous_1)
FNDA:0,(anonymous_2)
FNDA:1,(anonymous_3)
FNDA:4,(anonymous_4)
FNDA:1,(anonymous_5)
FNDA:4,(anonymous_6)
FNDA:0,(anonymous_7)
FNDA:0,(anonymous_8)
FNDA:8,(anonymous_9)
DA:5,2
DA:6,1
DA:8,1
DA:9,0
DA:12,1
DA:16,1
DA:20,0
DA:21,0
DA:25,1
DA:27,1
DA:28,4
DA:29,4
DA:32,1
DA:37,1
DA:39,1
DA:40,4
DA:41,1
DA:42,1
DA:45,1
DA:53,8
DA:55,1
DA:62,1
DA:64,1
DA:66,1
DA:68,1
LF:25
LH:22
BRDA:5,0,0,1
BRDA:5,0,1,1
BRDA:8,1,0,0
BRDA:8,1,1,1
BRDA:28,2,0,4
BRDA:28,2,1,0
BRDA:40,3,0,1
BRDA:40,3,1,3
BRDA:40,4,0,4
BRDA:40,4,1,4
BRF:10
BRH:8
end_of_record
